Arguments: 
  /usr/local/Cellar/node/14.13.1_1/bin/node /usr/local/Cellar/yarn/1.22.10/libexec/bin/yarn.js start

PATH: 
  /Users/caiachuang/bin:/usr/local/bin:/usr/local/opt/libpq/bin:/usr/local/bin:/usr/bin:/bin:/usr/sbin:/sbin:/Users/caiachuang/bin:/usr/local/opt/libpq/bin:/usr/local/bin

Yarn version: 
  1.22.10

Node version: 
  14.13.1

Platform: 
  darwin x64

Trace: 
  SyntaxError: /Users/caiachuang/lighthouse/post_LHL/freeflow-api/package.json: Unexpected token } in JSON at position 334
      at JSON.parse (<anonymous>)
      at /usr/local/Cellar/yarn/1.22.10/libexec/lib/cli.js:1625:59
      at Generator.next (<anonymous>)
      at step (/usr/local/Cellar/yarn/1.22.10/libexec/lib/cli.js:310:30)
      at /usr/local/Cellar/yarn/1.22.10/libexec/lib/cli.js:321:13

npm manifest: 
  {
    "name": "points-api",
    "version": "1.0.0",
    "description": "",
    "main": "dist/index.js",
    "scripts": {
      "start": "nodemon ./src/index.js",
      "test:server": "NODE_ENV=test npm start",
      "reset": "psql -U sprinter -d sprint < ./src/db/schema/create.sql && psql -U sprinter -d sprint < ./src/db/schema/development.sql",
    },
    "keywords": [],
    "author": "",
    "license": "ISC",
    "dependencies": {
      "cookie": "^0.4.1",
      "cookie-parser": "^1.4.5",
      "cookie-session": "^1.4.0",
      "dotenv": "^8.2.0",
      "ejs": "^3.1.5",
      "js-cookie": "^2.2.1",
      "nodemon": "^2.0.4",
      "pg": "^8.3.3",
      "tslint": "^6.1.3",
      "ws": "^7.3.1",
      "helmet": "^4.1.1",
      "websocket": "^1.0.32"
    },
    "devDependencies": {
      "@types/express": "^4.17.8",
      "@types/node": "^14.11.1",
      "axios": "^0.20.0",
      "bcryptjs": "^2.4.3",
      "body-parser": "^1.19.0",
      "cors": "^2.8.5",
      "express": "^4.17.1",
      "helmet": "^4.1.1",
      "jsonwebtoken": "^8.5.1",
      "mysql2": "^2.2.5",
      "postgresql": "0.0.1",
      "react-tag-autocomplete": "^6.1.0",
      "router": "^1.3.5",
      "sequelize": "^6.3.5",
      "typescript": "^4.0.3",
      "ws": "^7.3.1"
    },
    "proxy": "http://localhost:8001"
  }

yarn manifest: 
  No manifest

Lockfile: 
  No lockfile
